[2015-01-16 04:02:54] production.ERROR: exception 'PDOException' with message 'SQLSTATE[42S22]: Column not found: 1054 Unknown column 'descripcion' in 'field list'' in /home/backtrack/Dropbox/WEBS/proyectoweb/vendor/laravel/framework/src/Illuminate/Database/Connection.php:369
Stack trace:
#0 /home/backtrack/Dropbox/WEBS/proyectoweb/vendor/laravel/framework/src/Illuminate/Database/Connection.php(369): PDO->prepare('insert into `ma...')
#1 /home/backtrack/Dropbox/WEBS/proyectoweb/vendor/laravel/framework/src/Illuminate/Database/Connection.php(617): Illuminate\Database\Connection->Illuminate\Database\{closure}(Object(Illuminate\Database\MySqlConnection), 'insert into `ma...', Array)
#2 /home/backtrack/Dropbox/WEBS/proyectoweb/vendor/laravel/framework/src/Illuminate/Database/Connection.php(581): Illuminate\Database\Connection->runQueryCallback('insert into `ma...', Array, Object(Closure))
#3 /home/backtrack/Dropbox/WEBS/proyectoweb/vendor/laravel/framework/src/Illuminate/Database/Connection.php(370): Illuminate\Database\Connection->run('insert into `ma...', Array, Object(Closure))
#4 /home/backtrack/Dropbox/WEBS/proyectoweb/vendor/laravel/framework/src/Illuminate/Database/Connection.php(327): Illuminate\Database\Connection->statement('insert into `ma...', Array)
#5 /home/backtrack/Dropbox/WEBS/proyectoweb/vendor/laravel/framework/src/Illuminate/Database/Query/Processors/Processor.php(30): Illuminate\Database\Connection->insert('insert into `ma...', Array)
#6 /home/backtrack/Dropbox/WEBS/proyectoweb/vendor/laravel/framework/src/Illuminate/Database/Query/Builder.php(1851): Illuminate\Database\Query\Processors\Processor->processInsertGetId(Object(Illuminate\Database\Query\Builder), 'insert into `ma...', Array, 'id')
#7 [internal function]: Illuminate\Database\Query\Builder->insertGetId(Array, 'id')
#8 /home/backtrack/Dropbox/WEBS/proyectoweb/vendor/laravel/framework/src/Illuminate/Database/Eloquent/Builder.php(908): call_user_func_array(Array, Array)
#9 /home/backtrack/Dropbox/WEBS/proyectoweb/vendor/laravel/framework/src/Illuminate/Database/Eloquent/Model.php(1565): Illuminate\Database\Eloquent\Builder->__call('insertGetId', Array)
#10 /home/backtrack/Dropbox/WEBS/proyectoweb/vendor/laravel/framework/src/Illuminate/Database/Eloquent/Model.php(1565): Illuminate\Database\Eloquent\Builder->insertGetId(Array, 'id')
#11 /home/backtrack/Dropbox/WEBS/proyectoweb/vendor/laravel/framework/src/Illuminate/Database/Eloquent/Model.php(1535): Illuminate\Database\Eloquent\Model->insertAndSetId(Object(Illuminate\Database\Eloquent\Builder), Array)
#12 /home/backtrack/Dropbox/WEBS/proyectoweb/vendor/laravel/framework/src/Illuminate/Database/Eloquent/Model.php(1443): Illuminate\Database\Eloquent\Model->performInsert(Object(Illuminate\Database\Eloquent\Builder), Array)
#13 /home/backtrack/Dropbox/WEBS/proyectoweb/app/controllers/edicionController.php(57): Illuminate\Database\Eloquent\Model->save()
#14 [internal function]: edicionController->add_marca()
#15 /home/backtrack/Dropbox/WEBS/proyectoweb/vendor/laravel/framework/src/Illuminate/Routing/Controller.php(231): call_user_func_array(Array, Array)
#16 /home/backtrack/Dropbox/WEBS/proyectoweb/vendor/laravel/framework/src/Illuminate/Routing/ControllerDispatcher.php(93): Illuminate\Routing\Controller->callAction('add_marca', Array)
#17 /home/backtrack/Dropbox/WEBS/proyectoweb/vendor/laravel/framework/src/Illuminate/Routing/ControllerDispatcher.php(62): Illuminate\Routing\ControllerDispatcher->call(Object(edicionController), Object(Illuminate\Routing\Route), 'add_marca')
#18 /home/backtrack/Dropbox/WEBS/proyectoweb/vendor/laravel/framework/src/Illuminate/Routing/Router.php(962): Illuminate\Routing\ControllerDispatcher->dispatch(Object(Illuminate\Routing\Route), Object(Illuminate\Http\Request), 'edicionControll...', 'add_marca')
#19 [internal function]: Illuminate\Routing\Router->Illuminate\Routing\{closure}()
#20 /home/backtrack/Dropbox/WEBS/proyectoweb/vendor/laravel/framework/src/Illuminate/Routing/Route.php(109): call_user_func_array(Object(Closure), Array)
#21 /home/backtrack/Dropbox/WEBS/proyectoweb/vendor/laravel/framework/src/Illuminate/Routing/Router.php(1028): Illuminate\Routing\Route->run(Object(Illuminate\Http\Request))
#22 /home/backtrack/Dropbox/WEBS/proyectoweb/vendor/laravel/framework/src/Illuminate/Routing/Router.php(996): Illuminate\Routing\Router->dispatchToRoute(Object(Illuminate\Http\Request))
#23 /home/backtrack/Dropbox/WEBS/proyectoweb/vendor/laravel/framework/src/Illuminate/Foundation/Application.php(775): Illuminate\Routing\Router->dispatch(Object(Illuminate\Http\Request))
#24 /home/backtrack/Dropbox/WEBS/proyectoweb/vendor/laravel/framework/src/Illuminate/Foundation/Application.php(745): Illuminate\Foundation\Application->dispatch(Object(Illuminate\Http\Request))
#25 /home/backtrack/Dropbox/WEBS/proyectoweb/vendor/laravel/framework/src/Illuminate/Session/Middleware.php(72): Illuminate\Foundation\Application->handle(Object(Illuminate\Http\Request), 1, true)
#26 /home/backtrack/Dropbox/WEBS/proyectoweb/vendor/laravel/framework/src/Illuminate/Cookie/Queue.php(47): Illuminate\Session\Middleware->handle(Object(Illuminate\Http\Request), 1, true)
#27 /home/backtrack/Dropbox/WEBS/proyectoweb/vendor/laravel/framework/src/Illuminate/Cookie/Guard.php(51): Illuminate\Cookie\Queue->handle(Object(Illuminate\Http\Request), 1, true)
#28 /home/backtrack/Dropbox/WEBS/proyectoweb/vendor/stack/builder/src/Stack/StackedHttpKernel.php(23): Illuminate\Cookie\Guard->handle(Object(Illuminate\Http\Request), 1, true)
#29 /home/backtrack/Dropbox/WEBS/proyectoweb/vendor/laravel/framework/src/Illuminate/Foundation/Application.php(641): Stack\StackedHttpKernel->handle(Object(Illuminate\Http\Request))
#30 /home/backtrack/Dropbox/WEBS/proyectoweb/public/index.php(49): Illuminate\Foundation\Application->run()
#31 {main}

Next exception 'Illuminate\Database\QueryException' with message 'SQLSTATE[42S22]: Column not found: 1054 Unknown column 'descripcion' in 'field list' (SQL: insert into `marcas` (`nombre`, `descripcion`, `updated_at`, `created_at`) values (LALA, , 2015-01-16 04:02:54, 2015-01-16 04:02:54))' in /home/backtrack/Dropbox/WEBS/proyectoweb/vendor/laravel/framework/src/Illuminate/Database/Connection.php:625
Stack trace:
#0 /home/backtrack/Dropbox/WEBS/proyectoweb/vendor/laravel/framework/src/Illuminate/Database/Connection.php(581): Illuminate\Database\Connection->runQueryCallback('insert into `ma...', Array, Object(Closure))
#1 /home/backtrack/Dropbox/WEBS/proyectoweb/vendor/laravel/framework/src/Illuminate/Database/Connection.php(370): Illuminate\Database\Connection->run('insert into `ma...', Array, Object(Closure))
#2 /home/backtrack/Dropbox/WEBS/proyectoweb/vendor/laravel/framework/src/Illuminate/Database/Connection.php(327): Illuminate\Database\Connection->statement('insert into `ma...', Array)
#3 /home/backtrack/Dropbox/WEBS/proyectoweb/vendor/laravel/framework/src/Illuminate/Database/Query/Processors/Processor.php(30): Illuminate\Database\Connection->insert('insert into `ma...', Array)
#4 /home/backtrack/Dropbox/WEBS/proyectoweb/vendor/laravel/framework/src/Illuminate/Database/Query/Builder.php(1851): Illuminate\Database\Query\Processors\Processor->processInsertGetId(Object(Illuminate\Database\Query\Builder), 'insert into `ma...', Array, 'id')
#5 [internal function]: Illuminate\Database\Query\Builder->insertGetId(Array, 'id')
#6 /home/backtrack/Dropbox/WEBS/proyectoweb/vendor/laravel/framework/src/Illuminate/Database/Eloquent/Builder.php(908): call_user_func_array(Array, Array)
#7 /home/backtrack/Dropbox/WEBS/proyectoweb/vendor/laravel/framework/src/Illuminate/Database/Eloquent/Model.php(1565): Illuminate\Database\Eloquent\Builder->__call('insertGetId', Array)
#8 /home/backtrack/Dropbox/WEBS/proyectoweb/vendor/laravel/framework/src/Illuminate/Database/Eloquent/Model.php(1565): Illuminate\Database\Eloquent\Builder->insertGetId(Array, 'id')
#9 /home/backtrack/Dropbox/WEBS/proyectoweb/vendor/laravel/framework/src/Illuminate/Database/Eloquent/Model.php(1535): Illuminate\Database\Eloquent\Model->insertAndSetId(Object(Illuminate\Database\Eloquent\Builder), Array)
#10 /home/backtrack/Dropbox/WEBS/proyectoweb/vendor/laravel/framework/src/Illuminate/Database/Eloquent/Model.php(1443): Illuminate\Database\Eloquent\Model->performInsert(Object(Illuminate\Database\Eloquent\Builder), Array)
#11 /home/backtrack/Dropbox/WEBS/proyectoweb/app/controllers/edicionController.php(57): Illuminate\Database\Eloquent\Model->save()
#12 [internal function]: edicionController->add_marca()
#13 /home/backtrack/Dropbox/WEBS/proyectoweb/vendor/laravel/framework/src/Illuminate/Routing/Controller.php(231): call_user_func_array(Array, Array)
#14 /home/backtrack/Dropbox/WEBS/proyectoweb/vendor/laravel/framework/src/Illuminate/Routing/ControllerDispatcher.php(93): Illuminate\Routing\Controller->callAction('add_marca', Array)
#15 /home/backtrack/Dropbox/WEBS/proyectoweb/vendor/laravel/framework/src/Illuminate/Routing/ControllerDispatcher.php(62): Illuminate\Routing\ControllerDispatcher->call(Object(edicionController), Object(Illuminate\Routing\Route), 'add_marca')
#16 /home/backtrack/Dropbox/WEBS/proyectoweb/vendor/laravel/framework/src/Illuminate/Routing/Router.php(962): Illuminate\Routing\ControllerDispatcher->dispatch(Object(Illuminate\Routing\Route), Object(Illuminate\Http\Request), 'edicionControll...', 'add_marca')
#17 [internal function]: Illuminate\Routing\Router->Illuminate\Routing\{closure}()
#18 /home/backtrack/Dropbox/WEBS/proyectoweb/vendor/laravel/framework/src/Illuminate/Routing/Route.php(109): call_user_func_array(Object(Closure), Array)
#19 /home/backtrack/Dropbox/WEBS/proyectoweb/vendor/laravel/framework/src/Illuminate/Routing/Router.php(1028): Illuminate\Routing\Route->run(Object(Illuminate\Http\Request))
#20 /home/backtrack/Dropbox/WEBS/proyectoweb/vendor/laravel/framework/src/Illuminate/Routing/Router.php(996): Illuminate\Routing\Router->dispatchToRoute(Object(Illuminate\Http\Request))
#21 /home/backtrack/Dropbox/WEBS/proyectoweb/vendor/laravel/framework/src/Illuminate/Foundation/Application.php(775): Illuminate\Routing\Router->dispatch(Object(Illuminate\Http\Request))
#22 /home/backtrack/Dropbox/WEBS/proyectoweb/vendor/laravel/framework/src/Illuminate/Foundation/Application.php(745): Illuminate\Foundation\Application->dispatch(Object(Illuminate\Http\Request))
#23 /home/backtrack/Dropbox/WEBS/proyectoweb/vendor/laravel/framework/src/Illuminate/Session/Middleware.php(72): Illuminate\Foundation\Application->handle(Object(Illuminate\Http\Request), 1, true)
#24 /home/backtrack/Dropbox/WEBS/proyectoweb/vendor/laravel/framework/src/Illuminate/Cookie/Queue.php(47): Illuminate\Session\Middleware->handle(Object(Illuminate\Http\Request), 1, true)
#25 /home/backtrack/Dropbox/WEBS/proyectoweb/vendor/laravel/framework/src/Illuminate/Cookie/Guard.php(51): Illuminate\Cookie\Queue->handle(Object(Illuminate\Http\Request), 1, true)
#26 /home/backtrack/Dropbox/WEBS/proyectoweb/vendor/stack/builder/src/Stack/StackedHttpKernel.php(23): Illuminate\Cookie\Guard->handle(Object(Illuminate\Http\Request), 1, true)
#27 /home/backtrack/Dropbox/WEBS/proyectoweb/vendor/laravel/framework/src/Illuminate/Foundation/Application.php(641): Stack\StackedHttpKernel->handle(Object(Illuminate\Http\Request))
#28 /home/backtrack/Dropbox/WEBS/proyectoweb/public/index.php(49): Illuminate\Foundation\Application->run()
#29 {main} [] []
[2015-01-16 04:38:09] production.ERROR: exception 'Symfony\Component\Debug\Exception\FatalErrorException' with message 'syntax error, unexpected '('' in /home/backtrack/Dropbox/WEBS/proyectoweb/app/controllers/edicionController.php:67
Stack trace:
#0 [internal function]: Illuminate\Exception\Handler->handleShutdown()
#1 {main} [] []
[2015-01-16 04:38:20] production.ERROR: exception 'Symfony\Component\Debug\Exception\FatalErrorException' with message 'syntax error, unexpected '('' in /home/backtrack/Dropbox/WEBS/proyectoweb/app/controllers/edicionController.php:67
Stack trace:
#0 [internal function]: Illuminate\Exception\Handler->handleShutdown()
#1 {main} [] []
[2015-01-16 05:05:18] production.ERROR: exception 'PDOException' with message 'SQLSTATE[23000]: Integrity constraint violation: 1048 Column 'precio' cannot be null' in /home/backtrack/Dropbox/WEBS/proyectoweb/vendor/laravel/framework/src/Illuminate/Database/Connection.php:369
Stack trace:
#0 /home/backtrack/Dropbox/WEBS/proyectoweb/vendor/laravel/framework/src/Illuminate/Database/Connection.php(369): PDOStatement->execute(Array)
#1 /home/backtrack/Dropbox/WEBS/proyectoweb/vendor/laravel/framework/src/Illuminate/Database/Connection.php(617): Illuminate\Database\Connection->Illuminate\Database\{closure}(Object(Illuminate\Database\MySqlConnection), 'insert into `pr...', Array)
#2 /home/backtrack/Dropbox/WEBS/proyectoweb/vendor/laravel/framework/src/Illuminate/Database/Connection.php(581): Illuminate\Database\Connection->runQueryCallback('insert into `pr...', Array, Object(Closure))
#3 /home/backtrack/Dropbox/WEBS/proyectoweb/vendor/laravel/framework/src/Illuminate/Database/Connection.php(370): Illuminate\Database\Connection->run('insert into `pr...', Array, Object(Closure))
#4 /home/backtrack/Dropbox/WEBS/proyectoweb/vendor/laravel/framework/src/Illuminate/Database/Connection.php(327): Illuminate\Database\Connection->statement('insert into `pr...', Array)
#5 /home/backtrack/Dropbox/WEBS/proyectoweb/vendor/laravel/framework/src/Illuminate/Database/Query/Processors/Processor.php(30): Illuminate\Database\Connection->insert('insert into `pr...', Array)
#6 /home/backtrack/Dropbox/WEBS/proyectoweb/vendor/laravel/framework/src/Illuminate/Database/Query/Builder.php(1851): Illuminate\Database\Query\Processors\Processor->processInsertGetId(Object(Illuminate\Database\Query\Builder), 'insert into `pr...', Array, 'id')
#7 [internal function]: Illuminate\Database\Query\Builder->insertGetId(Array, 'id')
#8 /home/backtrack/Dropbox/WEBS/proyectoweb/vendor/laravel/framework/src/Illuminate/Database/Eloquent/Builder.php(908): call_user_func_array(Array, Array)
#9 /home/backtrack/Dropbox/WEBS/proyectoweb/vendor/laravel/framework/src/Illuminate/Database/Eloquent/Model.php(1565): Illuminate\Database\Eloquent\Builder->__call('insertGetId', Array)
#10 /home/backtrack/Dropbox/WEBS/proyectoweb/vendor/laravel/framework/src/Illuminate/Database/Eloquent/Model.php(1565): Illuminate\Database\Eloquent\Builder->insertGetId(Array, 'id')
#11 /home/backtrack/Dropbox/WEBS/proyectoweb/vendor/laravel/framework/src/Illuminate/Database/Eloquent/Model.php(1535): Illuminate\Database\Eloquent\Model->insertAndSetId(Object(Illuminate\Database\Eloquent\Builder), Array)
#12 /home/backtrack/Dropbox/WEBS/proyectoweb/vendor/laravel/framework/src/Illuminate/Database/Eloquent/Model.php(1443): Illuminate\Database\Eloquent\Model->performInsert(Object(Illuminate\Database\Eloquent\Builder), Array)
#13 /home/backtrack/Dropbox/WEBS/proyectoweb/app/controllers/edicionController.php(30): Illuminate\Database\Eloquent\Model->save()
#14 [internal function]: edicionController->add_producto()
#15 /home/backtrack/Dropbox/WEBS/proyectoweb/vendor/laravel/framework/src/Illuminate/Routing/Controller.php(231): call_user_func_array(Array, Array)
#16 /home/backtrack/Dropbox/WEBS/proyectoweb/vendor/laravel/framework/src/Illuminate/Routing/ControllerDispatcher.php(93): Illuminate\Routing\Controller->callAction('add_producto', Array)
#17 /home/backtrack/Dropbox/WEBS/proyectoweb/vendor/laravel/framework/src/Illuminate/Routing/ControllerDispatcher.php(62): Illuminate\Routing\ControllerDispatcher->call(Object(edicionController), Object(Illuminate\Routing\Route), 'add_producto')
#18 /home/backtrack/Dropbox/WEBS/proyectoweb/vendor/laravel/framework/src/Illuminate/Routing/Router.php(962): Illuminate\Routing\ControllerDispatcher->dispatch(Object(Illuminate\Routing\Route), Object(Illuminate\Http\Request), 'edicionControll...', 'add_producto')
#19 [internal function]: Illuminate\Routing\Router->Illuminate\Routing\{closure}()
#20 /home/backtrack/Dropbox/WEBS/proyectoweb/vendor/laravel/framework/src/Illuminate/Routing/Route.php(109): call_user_func_array(Object(Closure), Array)
#21 /home/backtrack/Dropbox/WEBS/proyectoweb/vendor/laravel/framework/src/Illuminate/Routing/Router.php(1028): Illuminate\Routing\Route->run(Object(Illuminate\Http\Request))
#22 /home/backtrack/Dropbox/WEBS/proyectoweb/vendor/laravel/framework/src/Illuminate/Routing/Router.php(996): Illuminate\Routing\Router->dispatchToRoute(Object(Illuminate\Http\Request))
#23 /home/backtrack/Dropbox/WEBS/proyectoweb/vendor/laravel/framework/src/Illuminate/Foundation/Application.php(775): Illuminate\Routing\Router->dispatch(Object(Illuminate\Http\Request))
#24 /home/backtrack/Dropbox/WEBS/proyectoweb/vendor/laravel/framework/src/Illuminate/Foundation/Application.php(745): Illuminate\Foundation\Application->dispatch(Object(Illuminate\Http\Request))
#25 /home/backtrack/Dropbox/WEBS/proyectoweb/vendor/laravel/framework/src/Illuminate/Session/Middleware.php(72): Illuminate\Foundation\Application->handle(Object(Illuminate\Http\Request), 1, true)
#26 /home/backtrack/Dropbox/WEBS/proyectoweb/vendor/laravel/framework/src/Illuminate/Cookie/Queue.php(47): Illuminate\Session\Middleware->handle(Object(Illuminate\Http\Request), 1, true)
#27 /home/backtrack/Dropbox/WEBS/proyectoweb/vendor/laravel/framework/src/Illuminate/Cookie/Guard.php(51): Illuminate\Cookie\Queue->handle(Object(Illuminate\Http\Request), 1, true)
#28 /home/backtrack/Dropbox/WEBS/proyectoweb/vendor/stack/builder/src/Stack/StackedHttpKernel.php(23): Illuminate\Cookie\Guard->handle(Object(Illuminate\Http\Request), 1, true)
#29 /home/backtrack/Dropbox/WEBS/proyectoweb/vendor/laravel/framework/src/Illuminate/Foundation/Application.php(641): Stack\StackedHttpKernel->handle(Object(Illuminate\Http\Request))
#30 /home/backtrack/Dropbox/WEBS/proyectoweb/public/index.php(49): Illuminate\Foundation\Application->run()
#31 {main}

Next exception 'Illuminate\Database\QueryException' with message 'SQLSTATE[23000]: Integrity constraint violation: 1048 Column 'precio' cannot be null (SQL: insert into `productos` (`id`, `nombre`, `precio`, `descripcion`, `marca_id`, `updated_at`, `created_at`) values (, LECHE, , DESCREMADA, , 2015-01-16 05:05:18, 2015-01-16 05:05:18))' in /home/backtrack/Dropbox/WEBS/proyectoweb/vendor/laravel/framework/src/Illuminate/Database/Connection.php:625
Stack trace:
#0 /home/backtrack/Dropbox/WEBS/proyectoweb/vendor/laravel/framework/src/Illuminate/Database/Connection.php(581): Illuminate\Database\Connection->runQueryCallback('insert into `pr...', Array, Object(Closure))
#1 /home/backtrack/Dropbox/WEBS/proyectoweb/vendor/laravel/framework/src/Illuminate/Database/Connection.php(370): Illuminate\Database\Connection->run('insert into `pr...', Array, Object(Closure))
#2 /home/backtrack/Dropbox/WEBS/proyectoweb/vendor/laravel/framework/src/Illuminate/Database/Connection.php(327): Illuminate\Database\Connection->statement('insert into `pr...', Array)
#3 /home/backtrack/Dropbox/WEBS/proyectoweb/vendor/laravel/framework/src/Illuminate/Database/Query/Processors/Processor.php(30): Illuminate\Database\Connection->insert('insert into `pr...', Array)
#4 /home/backtrack/Dropbox/WEBS/proyectoweb/vendor/laravel/framework/src/Illuminate/Database/Query/Builder.php(1851): Illuminate\Database\Query\Processors\Processor->processInsertGetId(Object(Illuminate\Database\Query\Builder), 'insert into `pr...', Array, 'id')
#5 [internal function]: Illuminate\Database\Query\Builder->insertGetId(Array, 'id')
#6 /home/backtrack/Dropbox/WEBS/proyectoweb/vendor/laravel/framework/src/Illuminate/Database/Eloquent/Builder.php(908): call_user_func_array(Array, Array)
#7 /home/backtrack/Dropbox/WEBS/proyectoweb/vendor/laravel/framework/src/Illuminate/Database/Eloquent/Model.php(1565): Illuminate\Database\Eloquent\Builder->__call('insertGetId', Array)
#8 /home/backtrack/Dropbox/WEBS/proyectoweb/vendor/laravel/framework/src/Illuminate/Database/Eloquent/Model.php(1565): Illuminate\Database\Eloquent\Builder->insertGetId(Array, 'id')
#9 /home/backtrack/Dropbox/WEBS/proyectoweb/vendor/laravel/framework/src/Illuminate/Database/Eloquent/Model.php(1535): Illuminate\Database\Eloquent\Model->insertAndSetId(Object(Illuminate\Database\Eloquent\Builder), Array)
#10 /home/backtrack/Dropbox/WEBS/proyectoweb/vendor/laravel/framework/src/Illuminate/Database/Eloquent/Model.php(1443): Illuminate\Database\Eloquent\Model->performInsert(Object(Illuminate\Database\Eloquent\Builder), Array)
#11 /home/backtrack/Dropbox/WEBS/proyectoweb/app/controllers/edicionController.php(30): Illuminate\Database\Eloquent\Model->save()
#12 [internal function]: edicionController->add_producto()
#13 /home/backtrack/Dropbox/WEBS/proyectoweb/vendor/laravel/framework/src/Illuminate/Routing/Controller.php(231): call_user_func_array(Array, Array)
#14 /home/backtrack/Dropbox/WEBS/proyectoweb/vendor/laravel/framework/src/Illuminate/Routing/ControllerDispatcher.php(93): Illuminate\Routing\Controller->callAction('add_producto', Array)
#15 /home/backtrack/Dropbox/WEBS/proyectoweb/vendor/laravel/framework/src/Illuminate/Routing/ControllerDispatcher.php(62): Illuminate\Routing\ControllerDispatcher->call(Object(edicionController), Object(Illuminate\Routing\Route), 'add_producto')
#16 /home/backtrack/Dropbox/WEBS/proyectoweb/vendor/laravel/framework/src/Illuminate/Routing/Router.php(962): Illuminate\Routing\ControllerDispatcher->dispatch(Object(Illuminate\Routing\Route), Object(Illuminate\Http\Request), 'edicionControll...', 'add_producto')
#17 [internal function]: Illuminate\Routing\Router->Illuminate\Routing\{closure}()
#18 /home/backtrack/Dropbox/WEBS/proyectoweb/vendor/laravel/framework/src/Illuminate/Routing/Route.php(109): call_user_func_array(Object(Closure), Array)
#19 /home/backtrack/Dropbox/WEBS/proyectoweb/vendor/laravel/framework/src/Illuminate/Routing/Router.php(1028): Illuminate\Routing\Route->run(Object(Illuminate\Http\Request))
#20 /home/backtrack/Dropbox/WEBS/proyectoweb/vendor/laravel/framework/src/Illuminate/Routing/Router.php(996): Illuminate\Routing\Router->dispatchToRoute(Object(Illuminate\Http\Request))
#21 /home/backtrack/Dropbox/WEBS/proyectoweb/vendor/laravel/framework/src/Illuminate/Foundation/Application.php(775): Illuminate\Routing\Router->dispatch(Object(Illuminate\Http\Request))
#22 /home/backtrack/Dropbox/WEBS/proyectoweb/vendor/laravel/framework/src/Illuminate/Foundation/Application.php(745): Illuminate\Foundation\Application->dispatch(Object(Illuminate\Http\Request))
#23 /home/backtrack/Dropbox/WEBS/proyectoweb/vendor/laravel/framework/src/Illuminate/Session/Middleware.php(72): Illuminate\Foundation\Application->handle(Object(Illuminate\Http\Request), 1, true)
#24 /home/backtrack/Dropbox/WEBS/proyectoweb/vendor/laravel/framework/src/Illuminate/Cookie/Queue.php(47): Illuminate\Session\Middleware->handle(Object(Illuminate\Http\Request), 1, true)
#25 /home/backtrack/Dropbox/WEBS/proyectoweb/vendor/laravel/framework/src/Illuminate/Cookie/Guard.php(51): Illuminate\Cookie\Queue->handle(Object(Illuminate\Http\Request), 1, true)
#26 /home/backtrack/Dropbox/WEBS/proyectoweb/vendor/stack/builder/src/Stack/StackedHttpKernel.php(23): Illuminate\Cookie\Guard->handle(Object(Illuminate\Http\Request), 1, true)
#27 /home/backtrack/Dropbox/WEBS/proyectoweb/vendor/laravel/framework/src/Illuminate/Foundation/Application.php(641): Stack\StackedHttpKernel->handle(Object(Illuminate\Http\Request))
#28 /home/backtrack/Dropbox/WEBS/proyectoweb/public/index.php(49): Illuminate\Foundation\Application->run()
#29 {main} [] []
[2015-01-16 05:48:19] production.ERROR: exception 'Symfony\Component\Debug\Exception\FatalErrorException' with message 'Call to undefined method Illuminate\Database\Eloquent\Collection::orderBy()' in /home/backtrack/Dropbox/WEBS/proyectoweb/app/controllers/edicionController.php:11
Stack trace:
#0 [internal function]: Illuminate\Exception\Handler->handleShutdown()
#1 {main} [] []
[2015-01-16 15:57:55] production.ERROR: exception 'Symfony\Component\Debug\Exception\FatalErrorException' with message 'syntax error, unexpected '}'' in /Users/alancruzmendez/Dropbox/WEBS/proyectoweb/app/storage/views/6951ff94145753aa3969e6b6a1f8fa24:48
Stack trace:
#0 [internal function]: Illuminate\Exception\Handler->handleShutdown()
#1 {main} [] []
[2015-01-18 05:41:02] production.ERROR: exception 'ErrorException' with message 'Undefined property: Illuminate\Database\Eloquent\Collection::$count' in /home/backtrack/Dropbox/WEBS/proyectoweb/app/controllers/HomeController.php:30
Stack trace:
#0 /home/backtrack/Dropbox/WEBS/proyectoweb/app/controllers/HomeController.php(30): Illuminate\Exception\Handler->handleError(8, 'Undefined prope...', '/home/backtrack...', 30, Array)
#1 [internal function]: HomeController->get_index()
#2 /home/backtrack/Dropbox/WEBS/proyectoweb/vendor/laravel/framework/src/Illuminate/Routing/Controller.php(231): call_user_func_array(Array, Array)
#3 /home/backtrack/Dropbox/WEBS/proyectoweb/vendor/laravel/framework/src/Illuminate/Routing/ControllerDispatcher.php(93): Illuminate\Routing\Controller->callAction('get_index', Array)
#4 /home/backtrack/Dropbox/WEBS/proyectoweb/vendor/laravel/framework/src/Illuminate/Routing/ControllerDispatcher.php(62): Illuminate\Routing\ControllerDispatcher->call(Object(HomeController), Object(Illuminate\Routing\Route), 'get_index')
#5 /home/backtrack/Dropbox/WEBS/proyectoweb/vendor/laravel/framework/src/Illuminate/Routing/Router.php(962): Illuminate\Routing\ControllerDispatcher->dispatch(Object(Illuminate\Routing\Route), Object(Illuminate\Http\Request), 'HomeController', 'get_index')
#6 [internal function]: Illuminate\Routing\Router->Illuminate\Routing\{closure}()
#7 /home/backtrack/Dropbox/WEBS/proyectoweb/vendor/laravel/framework/src/Illuminate/Routing/Route.php(109): call_user_func_array(Object(Closure), Array)
#8 /home/backtrack/Dropbox/WEBS/proyectoweb/vendor/laravel/framework/src/Illuminate/Routing/Router.php(1028): Illuminate\Routing\Route->run(Object(Illuminate\Http\Request))
#9 /home/backtrack/Dropbox/WEBS/proyectoweb/vendor/laravel/framework/src/Illuminate/Routing/Router.php(996): Illuminate\Routing\Router->dispatchToRoute(Object(Illuminate\Http\Request))
#10 /home/backtrack/Dropbox/WEBS/proyectoweb/vendor/laravel/framework/src/Illuminate/Foundation/Application.php(775): Illuminate\Routing\Router->dispatch(Object(Illuminate\Http\Request))
#11 /home/backtrack/Dropbox/WEBS/proyectoweb/vendor/laravel/framework/src/Illuminate/Foundation/Application.php(745): Illuminate\Foundation\Application->dispatch(Object(Illuminate\Http\Request))
#12 /home/backtrack/Dropbox/WEBS/proyectoweb/vendor/laravel/framework/src/Illuminate/Session/Middleware.php(72): Illuminate\Foundation\Application->handle(Object(Illuminate\Http\Request), 1, true)
#13 /home/backtrack/Dropbox/WEBS/proyectoweb/vendor/laravel/framework/src/Illuminate/Cookie/Queue.php(47): Illuminate\Session\Middleware->handle(Object(Illuminate\Http\Request), 1, true)
#14 /home/backtrack/Dropbox/WEBS/proyectoweb/vendor/laravel/framework/src/Illuminate/Cookie/Guard.php(51): Illuminate\Cookie\Queue->handle(Object(Illuminate\Http\Request), 1, true)
#15 /home/backtrack/Dropbox/WEBS/proyectoweb/vendor/stack/builder/src/Stack/StackedHttpKernel.php(23): Illuminate\Cookie\Guard->handle(Object(Illuminate\Http\Request), 1, true)
#16 /home/backtrack/Dropbox/WEBS/proyectoweb/vendor/laravel/framework/src/Illuminate/Foundation/Application.php(641): Stack\StackedHttpKernel->handle(Object(Illuminate\Http\Request))
#17 /home/backtrack/Dropbox/WEBS/proyectoweb/public/index.php(49): Illuminate\Foundation\Application->run()
#18 {main} [] []
[2015-01-18 05:44:22] production.ERROR: exception 'ErrorException' with message 'Undefined variable: num' in /home/backtrack/Dropbox/WEBS/proyectoweb/app/controllers/HomeController.php:33
Stack trace:
#0 /home/backtrack/Dropbox/WEBS/proyectoweb/app/controllers/HomeController.php(33): Illuminate\Exception\Handler->handleError(8, 'Undefined varia...', '/home/backtrack...', 33, Array)
#1 [internal function]: HomeController->get_index()
#2 /home/backtrack/Dropbox/WEBS/proyectoweb/vendor/laravel/framework/src/Illuminate/Routing/Controller.php(231): call_user_func_array(Array, Array)
#3 /home/backtrack/Dropbox/WEBS/proyectoweb/vendor/laravel/framework/src/Illuminate/Routing/ControllerDispatcher.php(93): Illuminate\Routing\Controller->callAction('get_index', Array)
#4 /home/backtrack/Dropbox/WEBS/proyectoweb/vendor/laravel/framework/src/Illuminate/Routing/ControllerDispatcher.php(62): Illuminate\Routing\ControllerDispatcher->call(Object(HomeController), Object(Illuminate\Routing\Route), 'get_index')
#5 /home/backtrack/Dropbox/WEBS/proyectoweb/vendor/laravel/framework/src/Illuminate/Routing/Router.php(962): Illuminate\Routing\ControllerDispatcher->dispatch(Object(Illuminate\Routing\Route), Object(Illuminate\Http\Request), 'HomeController', 'get_index')
#6 [internal function]: Illuminate\Routing\Router->Illuminate\Routing\{closure}()
#7 /home/backtrack/Dropbox/WEBS/proyectoweb/vendor/laravel/framework/src/Illuminate/Routing/Route.php(109): call_user_func_array(Object(Closure), Array)
#8 /home/backtrack/Dropbox/WEBS/proyectoweb/vendor/laravel/framework/src/Illuminate/Routing/Router.php(1028): Illuminate\Routing\Route->run(Object(Illuminate\Http\Request))
#9 /home/backtrack/Dropbox/WEBS/proyectoweb/vendor/laravel/framework/src/Illuminate/Routing/Router.php(996): Illuminate\Routing\Router->dispatchToRoute(Object(Illuminate\Http\Request))
#10 /home/backtrack/Dropbox/WEBS/proyectoweb/vendor/laravel/framework/src/Illuminate/Foundation/Application.php(775): Illuminate\Routing\Router->dispatch(Object(Illuminate\Http\Request))
#11 /home/backtrack/Dropbox/WEBS/proyectoweb/vendor/laravel/framework/src/Illuminate/Foundation/Application.php(745): Illuminate\Foundation\Application->dispatch(Object(Illuminate\Http\Request))
#12 /home/backtrack/Dropbox/WEBS/proyectoweb/vendor/laravel/framework/src/Illuminate/Session/Middleware.php(72): Illuminate\Foundation\Application->handle(Object(Illuminate\Http\Request), 1, true)
#13 /home/backtrack/Dropbox/WEBS/proyectoweb/vendor/laravel/framework/src/Illuminate/Cookie/Queue.php(47): Illuminate\Session\Middleware->handle(Object(Illuminate\Http\Request), 1, true)
#14 /home/backtrack/Dropbox/WEBS/proyectoweb/vendor/laravel/framework/src/Illuminate/Cookie/Guard.php(51): Illuminate\Cookie\Queue->handle(Object(Illuminate\Http\Request), 1, true)
#15 /home/backtrack/Dropbox/WEBS/proyectoweb/vendor/stack/builder/src/Stack/StackedHttpKernel.php(23): Illuminate\Cookie\Guard->handle(Object(Illuminate\Http\Request), 1, true)
#16 /home/backtrack/Dropbox/WEBS/proyectoweb/vendor/laravel/framework/src/Illuminate/Foundation/Application.php(641): Stack\StackedHttpKernel->handle(Object(Illuminate\Http\Request))
#17 /home/backtrack/Dropbox/WEBS/proyectoweb/public/index.php(49): Illuminate\Foundation\Application->run()
#18 {main} [] []
[2015-01-18 05:45:09] production.ERROR: exception 'ErrorException' with message 'Undefined variable: num' in /home/backtrack/Dropbox/WEBS/proyectoweb/app/storage/views/45d46f8bced9d853366c295a75300564:43
Stack trace:
#0 /home/backtrack/Dropbox/WEBS/proyectoweb/app/storage/views/45d46f8bced9d853366c295a75300564(43): Illuminate\Exception\Handler->handleError(8, 'Undefined varia...', '/home/backtrack...', 43, Array)
#1 /home/backtrack/Dropbox/WEBS/proyectoweb/vendor/laravel/framework/src/Illuminate/View/Engines/PhpEngine.php(37): include('/home/backtrack...')
#2 /home/backtrack/Dropbox/WEBS/proyectoweb/vendor/laravel/framework/src/Illuminate/View/Engines/CompilerEngine.php(56): Illuminate\View\Engines\PhpEngine->evaluatePath('/home/backtrack...', Array)
#3 /home/backtrack/Dropbox/WEBS/proyectoweb/vendor/laravel/framework/src/Illuminate/View/View.php(134): Illuminate\View\Engines\CompilerEngine->get('/home/backtrack...', Array)
#4 /home/backtrack/Dropbox/WEBS/proyectoweb/vendor/laravel/framework/src/Illuminate/View/View.php(102): Illuminate\View\View->getContents()
#5 /home/backtrack/Dropbox/WEBS/proyectoweb/vendor/laravel/framework/src/Illuminate/View/View.php(76): Illuminate\View\View->renderContents()
#6 /home/backtrack/Dropbox/WEBS/proyectoweb/vendor/laravel/framework/src/Illuminate/Http/Response.php(43): Illuminate\View\View->render()
#7 /home/backtrack/Dropbox/WEBS/proyectoweb/vendor/symfony/http-foundation/Symfony/Component/HttpFoundation/Response.php(202): Illuminate\Http\Response->setContent(Object(Illuminate\View\View))
#8 /home/backtrack/Dropbox/WEBS/proyectoweb/vendor/laravel/framework/src/Illuminate/Routing/Router.php(1496): Symfony\Component\HttpFoundation\Response->__construct(Object(Illuminate\View\View))
#9 /home/backtrack/Dropbox/WEBS/proyectoweb/vendor/laravel/framework/src/Illuminate/Routing/Router.php(1031): Illuminate\Routing\Router->prepareResponse(Object(Illuminate\Http\Request), Object(Illuminate\View\View))
#10 /home/backtrack/Dropbox/WEBS/proyectoweb/vendor/laravel/framework/src/Illuminate/Routing/Router.php(996): Illuminate\Routing\Router->dispatchToRoute(Object(Illuminate\Http\Request))
#11 /home/backtrack/Dropbox/WEBS/proyectoweb/vendor/laravel/framework/src/Illuminate/Foundation/Application.php(775): Illuminate\Routing\Router->dispatch(Object(Illuminate\Http\Request))
#12 /home/backtrack/Dropbox/WEBS/proyectoweb/vendor/laravel/framework/src/Illuminate/Foundation/Application.php(745): Illuminate\Foundation\Application->dispatch(Object(Illuminate\Http\Request))
#13 /home/backtrack/Dropbox/WEBS/proyectoweb/vendor/laravel/framework/src/Illuminate/Session/Middleware.php(72): Illuminate\Foundation\Application->handle(Object(Illuminate\Http\Request), 1, true)
#14 /home/backtrack/Dropbox/WEBS/proyectoweb/vendor/laravel/framework/src/Illuminate/Cookie/Queue.php(47): Illuminate\Session\Middleware->handle(Object(Illuminate\Http\Request), 1, true)
#15 /home/backtrack/Dropbox/WEBS/proyectoweb/vendor/laravel/framework/src/Illuminate/Cookie/Guard.php(51): Illuminate\Cookie\Queue->handle(Object(Illuminate\Http\Request), 1, true)
#16 /home/backtrack/Dropbox/WEBS/proyectoweb/vendor/stack/builder/src/Stack/StackedHttpKernel.php(23): Illuminate\Cookie\Guard->handle(Object(Illuminate\Http\Request), 1, true)
#17 /home/backtrack/Dropbox/WEBS/proyectoweb/vendor/laravel/framework/src/Illuminate/Foundation/Application.php(641): Stack\StackedHttpKernel->handle(Object(Illuminate\Http\Request))
#18 /home/backtrack/Dropbox/WEBS/proyectoweb/public/index.php(49): Illuminate\Foundation\Application->run()
#19 {main}

Next exception 'ErrorException' with message 'Undefined variable: num (View: /home/backtrack/Dropbox/WEBS/proyectoweb/app/views/index.blade.php)' in /home/backtrack/Dropbox/WEBS/proyectoweb/app/storage/views/45d46f8bced9d853366c295a75300564:43
Stack trace:
#0 /home/backtrack/Dropbox/WEBS/proyectoweb/vendor/laravel/framework/src/Illuminate/View/Engines/PhpEngine.php(41): Illuminate\View\Engines\CompilerEngine->handleViewException(Object(ErrorException), 1)
#1 /home/backtrack/Dropbox/WEBS/proyectoweb/vendor/laravel/framework/src/Illuminate/View/Engines/CompilerEngine.php(56): Illuminate\View\Engines\PhpEngine->evaluatePath('/home/backtrack...', Array)
#2 /home/backtrack/Dropbox/WEBS/proyectoweb/vendor/laravel/framework/src/Illuminate/View/View.php(134): Illuminate\View\Engines\CompilerEngine->get('/home/backtrack...', Array)
#3 /home/backtrack/Dropbox/WEBS/proyectoweb/vendor/laravel/framework/src/Illuminate/View/View.php(102): Illuminate\View\View->getContents()
#4 /home/backtrack/Dropbox/WEBS/proyectoweb/vendor/laravel/framework/src/Illuminate/View/View.php(76): Illuminate\View\View->renderContents()
#5 /home/backtrack/Dropbox/WEBS/proyectoweb/vendor/laravel/framework/src/Illuminate/Http/Response.php(43): Illuminate\View\View->render()
#6 /home/backtrack/Dropbox/WEBS/proyectoweb/vendor/symfony/http-foundation/Symfony/Component/HttpFoundation/Response.php(202): Illuminate\Http\Response->setContent(Object(Illuminate\View\View))
#7 /home/backtrack/Dropbox/WEBS/proyectoweb/vendor/laravel/framework/src/Illuminate/Routing/Router.php(1496): Symfony\Component\HttpFoundation\Response->__construct(Object(Illuminate\View\View))
#8 /home/backtrack/Dropbox/WEBS/proyectoweb/vendor/laravel/framework/src/Illuminate/Routing/Router.php(1031): Illuminate\Routing\Router->prepareResponse(Object(Illuminate\Http\Request), Object(Illuminate\View\View))
#9 /home/backtrack/Dropbox/WEBS/proyectoweb/vendor/laravel/framework/src/Illuminate/Routing/Router.php(996): Illuminate\Routing\Router->dispatchToRoute(Object(Illuminate\Http\Request))
#10 /home/backtrack/Dropbox/WEBS/proyectoweb/vendor/laravel/framework/src/Illuminate/Foundation/Application.php(775): Illuminate\Routing\Router->dispatch(Object(Illuminate\Http\Request))
#11 /home/backtrack/Dropbox/WEBS/proyectoweb/vendor/laravel/framework/src/Illuminate/Foundation/Application.php(745): Illuminate\Foundation\Application->dispatch(Object(Illuminate\Http\Request))
#12 /home/backtrack/Dropbox/WEBS/proyectoweb/vendor/laravel/framework/src/Illuminate/Session/Middleware.php(72): Illuminate\Foundation\Application->handle(Object(Illuminate\Http\Request), 1, true)
#13 /home/backtrack/Dropbox/WEBS/proyectoweb/vendor/laravel/framework/src/Illuminate/Cookie/Queue.php(47): Illuminate\Session\Middleware->handle(Object(Illuminate\Http\Request), 1, true)
#14 /home/backtrack/Dropbox/WEBS/proyectoweb/vendor/laravel/framework/src/Illuminate/Cookie/Guard.php(51): Illuminate\Cookie\Queue->handle(Object(Illuminate\Http\Request), 1, true)
#15 /home/backtrack/Dropbox/WEBS/proyectoweb/vendor/stack/builder/src/Stack/StackedHttpKernel.php(23): Illuminate\Cookie\Guard->handle(Object(Illuminate\Http\Request), 1, true)
#16 /home/backtrack/Dropbox/WEBS/proyectoweb/vendor/laravel/framework/src/Illuminate/Foundation/Application.php(641): Stack\StackedHttpKernel->handle(Object(Illuminate\Http\Request))
#17 /home/backtrack/Dropbox/WEBS/proyectoweb/public/index.php(49): Illuminate\Foundation\Application->run()
#18 {main} [] []
[2015-01-19 15:34:16] production.ERROR: exception 'Symfony\Component\Debug\Exception\FatalErrorException' with message 'syntax error, unexpected '}'' in /Users/alancruzmendez/Dropbox/WEBS/proyectoweb/app/controllers/edicionController.php:96
Stack trace:
#0 [internal function]: Illuminate\Exception\Handler->handleShutdown()
#1 {main} [] []
[2015-01-19 15:34:47] production.ERROR: exception 'Symfony\Component\HttpKernel\Exception\NotFoundHttpException' in /Users/alancruzmendez/Dropbox/WEBS/proyectoweb/vendor/laravel/framework/src/Illuminate/Routing/RouteCollection.php:148
Stack trace:
#0 /Users/alancruzmendez/Dropbox/WEBS/proyectoweb/vendor/laravel/framework/src/Illuminate/Routing/Router.php(1049): Illuminate\Routing\RouteCollection->match(Object(Illuminate\Http\Request))
#1 /Users/alancruzmendez/Dropbox/WEBS/proyectoweb/vendor/laravel/framework/src/Illuminate/Routing/Router.php(1017): Illuminate\Routing\Router->findRoute(Object(Illuminate\Http\Request))
#2 /Users/alancruzmendez/Dropbox/WEBS/proyectoweb/vendor/laravel/framework/src/Illuminate/Routing/Router.php(996): Illuminate\Routing\Router->dispatchToRoute(Object(Illuminate\Http\Request))
#3 /Users/alancruzmendez/Dropbox/WEBS/proyectoweb/vendor/laravel/framework/src/Illuminate/Foundation/Application.php(775): Illuminate\Routing\Router->dispatch(Object(Illuminate\Http\Request))
#4 /Users/alancruzmendez/Dropbox/WEBS/proyectoweb/vendor/laravel/framework/src/Illuminate/Foundation/Application.php(745): Illuminate\Foundation\Application->dispatch(Object(Illuminate\Http\Request))
#5 /Users/alancruzmendez/Dropbox/WEBS/proyectoweb/vendor/laravel/framework/src/Illuminate/Session/Middleware.php(72): Illuminate\Foundation\Application->handle(Object(Illuminate\Http\Request), 1, true)
#6 /Users/alancruzmendez/Dropbox/WEBS/proyectoweb/vendor/laravel/framework/src/Illuminate/Cookie/Queue.php(47): Illuminate\Session\Middleware->handle(Object(Illuminate\Http\Request), 1, true)
#7 /Users/alancruzmendez/Dropbox/WEBS/proyectoweb/vendor/laravel/framework/src/Illuminate/Cookie/Guard.php(51): Illuminate\Cookie\Queue->handle(Object(Illuminate\Http\Request), 1, true)
#8 /Users/alancruzmendez/Dropbox/WEBS/proyectoweb/vendor/stack/builder/src/Stack/StackedHttpKernel.php(23): Illuminate\Cookie\Guard->handle(Object(Illuminate\Http\Request), 1, true)
#9 /Users/alancruzmendez/Dropbox/WEBS/proyectoweb/vendor/laravel/framework/src/Illuminate/Foundation/Application.php(641): Stack\StackedHttpKernel->handle(Object(Illuminate\Http\Request))
#10 /Users/alancruzmendez/Dropbox/WEBS/proyectoweb/public/index.php(49): Illuminate\Foundation\Application->run()
#11 {main} [] []
[2015-01-19 15:36:29] production.ERROR: exception 'ErrorException' with message 'Creating default object from empty value' in /Users/alancruzmendez/Dropbox/WEBS/proyectoweb/app/controllers/edicionController.php:80
Stack trace:
#0 /Users/alancruzmendez/Dropbox/WEBS/proyectoweb/app/controllers/edicionController.php(80): Illuminate\Exception\Handler->handleError(2, 'Creating defaul...', '/Users/alancruz...', 80, Array)
#1 [internal function]: edicionController->add_user()
#2 /Users/alancruzmendez/Dropbox/WEBS/proyectoweb/vendor/laravel/framework/src/Illuminate/Routing/Controller.php(231): call_user_func_array(Array, Array)
#3 /Users/alancruzmendez/Dropbox/WEBS/proyectoweb/vendor/laravel/framework/src/Illuminate/Routing/ControllerDispatcher.php(93): Illuminate\Routing\Controller->callAction('add_user', Array)
#4 /Users/alancruzmendez/Dropbox/WEBS/proyectoweb/vendor/laravel/framework/src/Illuminate/Routing/ControllerDispatcher.php(62): Illuminate\Routing\ControllerDispatcher->call(Object(edicionController), Object(Illuminate\Routing\Route), 'add_user')
#5 /Users/alancruzmendez/Dropbox/WEBS/proyectoweb/vendor/laravel/framework/src/Illuminate/Routing/Router.php(962): Illuminate\Routing\ControllerDispatcher->dispatch(Object(Illuminate\Routing\Route), Object(Illuminate\Http\Request), 'edicionControll...', 'add_user')
#6 [internal function]: Illuminate\Routing\Router->Illuminate\Routing\{closure}()
#7 /Users/alancruzmendez/Dropbox/WEBS/proyectoweb/vendor/laravel/framework/src/Illuminate/Routing/Route.php(109): call_user_func_array(Object(Closure), Array)
#8 /Users/alancruzmendez/Dropbox/WEBS/proyectoweb/vendor/laravel/framework/src/Illuminate/Routing/Router.php(1028): Illuminate\Routing\Route->run(Object(Illuminate\Http\Request))
#9 /Users/alancruzmendez/Dropbox/WEBS/proyectoweb/vendor/laravel/framework/src/Illuminate/Routing/Router.php(996): Illuminate\Routing\Router->dispatchToRoute(Object(Illuminate\Http\Request))
#10 /Users/alancruzmendez/Dropbox/WEBS/proyectoweb/vendor/laravel/framework/src/Illuminate/Foundation/Application.php(775): Illuminate\Routing\Router->dispatch(Object(Illuminate\Http\Request))
#11 /Users/alancruzmendez/Dropbox/WEBS/proyectoweb/vendor/laravel/framework/src/Illuminate/Foundation/Application.php(745): Illuminate\Foundation\Application->dispatch(Object(Illuminate\Http\Request))
#12 /Users/alancruzmendez/Dropbox/WEBS/proyectoweb/vendor/laravel/framework/src/Illuminate/Session/Middleware.php(72): Illuminate\Foundation\Application->handle(Object(Illuminate\Http\Request), 1, true)
#13 /Users/alancruzmendez/Dropbox/WEBS/proyectoweb/vendor/laravel/framework/src/Illuminate/Cookie/Queue.php(47): Illuminate\Session\Middleware->handle(Object(Illuminate\Http\Request), 1, true)
#14 /Users/alancruzmendez/Dropbox/WEBS/proyectoweb/vendor/laravel/framework/src/Illuminate/Cookie/Guard.php(51): Illuminate\Cookie\Queue->handle(Object(Illuminate\Http\Request), 1, true)
#15 /Users/alancruzmendez/Dropbox/WEBS/proyectoweb/vendor/stack/builder/src/Stack/StackedHttpKernel.php(23): Illuminate\Cookie\Guard->handle(Object(Illuminate\Http\Request), 1, true)
#16 /Users/alancruzmendez/Dropbox/WEBS/proyectoweb/vendor/laravel/framework/src/Illuminate/Foundation/Application.php(641): Stack\StackedHttpKernel->handle(Object(Illuminate\Http\Request))
#17 /Users/alancruzmendez/Dropbox/WEBS/proyectoweb/public/index.php(49): Illuminate\Foundation\Application->run()
#18 {main} [] []
[2015-01-19 15:37:36] production.ERROR: exception 'ErrorException' with message 'Creating default object from empty value' in /Users/alancruzmendez/Dropbox/WEBS/proyectoweb/app/controllers/edicionController.php:80
Stack trace:
#0 /Users/alancruzmendez/Dropbox/WEBS/proyectoweb/app/controllers/edicionController.php(80): Illuminate\Exception\Handler->handleError(2, 'Creating defaul...', '/Users/alancruz...', 80, Array)
#1 [internal function]: edicionController->add_user()
#2 /Users/alancruzmendez/Dropbox/WEBS/proyectoweb/vendor/laravel/framework/src/Illuminate/Routing/Controller.php(231): call_user_func_array(Array, Array)
#3 /Users/alancruzmendez/Dropbox/WEBS/proyectoweb/vendor/laravel/framework/src/Illuminate/Routing/ControllerDispatcher.php(93): Illuminate\Routing\Controller->callAction('add_user', Array)
#4 /Users/alancruzmendez/Dropbox/WEBS/proyectoweb/vendor/laravel/framework/src/Illuminate/Routing/ControllerDispatcher.php(62): Illuminate\Routing\ControllerDispatcher->call(Object(edicionController), Object(Illuminate\Routing\Route), 'add_user')
#5 /Users/alancruzmendez/Dropbox/WEBS/proyectoweb/vendor/laravel/framework/src/Illuminate/Routing/Router.php(962): Illuminate\Routing\ControllerDispatcher->dispatch(Object(Illuminate\Routing\Route), Object(Illuminate\Http\Request), 'edicionControll...', 'add_user')
#6 [internal function]: Illuminate\Routing\Router->Illuminate\Routing\{closure}()
#7 /Users/alancruzmendez/Dropbox/WEBS/proyectoweb/vendor/laravel/framework/src/Illuminate/Routing/Route.php(109): call_user_func_array(Object(Closure), Array)
#8 /Users/alancruzmendez/Dropbox/WEBS/proyectoweb/vendor/laravel/framework/src/Illuminate/Routing/Router.php(1028): Illuminate\Routing\Route->run(Object(Illuminate\Http\Request))
#9 /Users/alancruzmendez/Dropbox/WEBS/proyectoweb/vendor/laravel/framework/src/Illuminate/Routing/Router.php(996): Illuminate\Routing\Router->dispatchToRoute(Object(Illuminate\Http\Request))
#10 /Users/alancruzmendez/Dropbox/WEBS/proyectoweb/vendor/laravel/framework/src/Illuminate/Foundation/Application.php(775): Illuminate\Routing\Router->dispatch(Object(Illuminate\Http\Request))
#11 /Users/alancruzmendez/Dropbox/WEBS/proyectoweb/vendor/laravel/framework/src/Illuminate/Foundation/Application.php(745): Illuminate\Foundation\Application->dispatch(Object(Illuminate\Http\Request))
#12 /Users/alancruzmendez/Dropbox/WEBS/proyectoweb/vendor/laravel/framework/src/Illuminate/Session/Middleware.php(72): Illuminate\Foundation\Application->handle(Object(Illuminate\Http\Request), 1, true)
#13 /Users/alancruzmendez/Dropbox/WEBS/proyectoweb/vendor/laravel/framework/src/Illuminate/Cookie/Queue.php(47): Illuminate\Session\Middleware->handle(Object(Illuminate\Http\Request), 1, true)
#14 /Users/alancruzmendez/Dropbox/WEBS/proyectoweb/vendor/laravel/framework/src/Illuminate/Cookie/Guard.php(51): Illuminate\Cookie\Queue->handle(Object(Illuminate\Http\Request), 1, true)
#15 /Users/alancruzmendez/Dropbox/WEBS/proyectoweb/vendor/stack/builder/src/Stack/StackedHttpKernel.php(23): Illuminate\Cookie\Guard->handle(Object(Illuminate\Http\Request), 1, true)
#16 /Users/alancruzmendez/Dropbox/WEBS/proyectoweb/vendor/laravel/framework/src/Illuminate/Foundation/Application.php(641): Stack\StackedHttpKernel->handle(Object(Illuminate\Http\Request))
#17 /Users/alancruzmendez/Dropbox/WEBS/proyectoweb/public/index.php(49): Illuminate\Foundation\Application->run()
#18 {main} [] []
[2015-01-19 15:39:32] production.ERROR: exception 'ErrorException' with message 'Creating default object from empty value' in /Users/alancruzmendez/Dropbox/WEBS/proyectoweb/app/controllers/edicionController.php:80
Stack trace:
#0 /Users/alancruzmendez/Dropbox/WEBS/proyectoweb/app/controllers/edicionController.php(80): Illuminate\Exception\Handler->handleError(2, 'Creating defaul...', '/Users/alancruz...', 80, Array)
#1 [internal function]: edicionController->add_user()
#2 /Users/alancruzmendez/Dropbox/WEBS/proyectoweb/vendor/laravel/framework/src/Illuminate/Routing/Controller.php(231): call_user_func_array(Array, Array)
#3 /Users/alancruzmendez/Dropbox/WEBS/proyectoweb/vendor/laravel/framework/src/Illuminate/Routing/ControllerDispatcher.php(93): Illuminate\Routing\Controller->callAction('add_user', Array)
#4 /Users/alancruzmendez/Dropbox/WEBS/proyectoweb/vendor/laravel/framework/src/Illuminate/Routing/ControllerDispatcher.php(62): Illuminate\Routing\ControllerDispatcher->call(Object(edicionController), Object(Illuminate\Routing\Route), 'add_user')
#5 /Users/alancruzmendez/Dropbox/WEBS/proyectoweb/vendor/laravel/framework/src/Illuminate/Routing/Router.php(962): Illuminate\Routing\ControllerDispatcher->dispatch(Object(Illuminate\Routing\Route), Object(Illuminate\Http\Request), 'edicionControll...', 'add_user')
#6 [internal function]: Illuminate\Routing\Router->Illuminate\Routing\{closure}()
#7 /Users/alancruzmendez/Dropbox/WEBS/proyectoweb/vendor/laravel/framework/src/Illuminate/Routing/Route.php(109): call_user_func_array(Object(Closure), Array)
#8 /Users/alancruzmendez/Dropbox/WEBS/proyectoweb/vendor/laravel/framework/src/Illuminate/Routing/Router.php(1028): Illuminate\Routing\Route->run(Object(Illuminate\Http\Request))
#9 /Users/alancruzmendez/Dropbox/WEBS/proyectoweb/vendor/laravel/framework/src/Illuminate/Routing/Router.php(996): Illuminate\Routing\Router->dispatchToRoute(Object(Illuminate\Http\Request))
#10 /Users/alancruzmendez/Dropbox/WEBS/proyectoweb/vendor/laravel/framework/src/Illuminate/Foundation/Application.php(775): Illuminate\Routing\Router->dispatch(Object(Illuminate\Http\Request))
#11 /Users/alancruzmendez/Dropbox/WEBS/proyectoweb/vendor/laravel/framework/src/Illuminate/Foundation/Application.php(745): Illuminate\Foundation\Application->dispatch(Object(Illuminate\Http\Request))
#12 /Users/alancruzmendez/Dropbox/WEBS/proyectoweb/vendor/laravel/framework/src/Illuminate/Session/Middleware.php(72): Illuminate\Foundation\Application->handle(Object(Illuminate\Http\Request), 1, true)
#13 /Users/alancruzmendez/Dropbox/WEBS/proyectoweb/vendor/laravel/framework/src/Illuminate/Cookie/Queue.php(47): Illuminate\Session\Middleware->handle(Object(Illuminate\Http\Request), 1, true)
#14 /Users/alancruzmendez/Dropbox/WEBS/proyectoweb/vendor/laravel/framework/src/Illuminate/Cookie/Guard.php(51): Illuminate\Cookie\Queue->handle(Object(Illuminate\Http\Request), 1, true)
#15 /Users/alancruzmendez/Dropbox/WEBS/proyectoweb/vendor/stack/builder/src/Stack/StackedHttpKernel.php(23): Illuminate\Cookie\Guard->handle(Object(Illuminate\Http\Request), 1, true)
#16 /Users/alancruzmendez/Dropbox/WEBS/proyectoweb/vendor/laravel/framework/src/Illuminate/Foundation/Application.php(641): Stack\StackedHttpKernel->handle(Object(Illuminate\Http\Request))
#17 /Users/alancruzmendez/Dropbox/WEBS/proyectoweb/public/index.php(49): Illuminate\Foundation\Application->run()
#18 {main} [] []
[2015-01-19 15:44:13] production.ERROR: exception 'ErrorException' with message 'Creating default object from empty value' in /Users/alancruzmendez/Dropbox/WEBS/proyectoweb/app/controllers/edicionController.php:80
Stack trace:
#0 /Users/alancruzmendez/Dropbox/WEBS/proyectoweb/app/controllers/edicionController.php(80): Illuminate\Exception\Handler->handleError(2, 'Creating defaul...', '/Users/alancruz...', 80, Array)
#1 [internal function]: edicionController->add_user()
#2 /Users/alancruzmendez/Dropbox/WEBS/proyectoweb/vendor/laravel/framework/src/Illuminate/Routing/Controller.php(231): call_user_func_array(Array, Array)
#3 /Users/alancruzmendez/Dropbox/WEBS/proyectoweb/vendor/laravel/framework/src/Illuminate/Routing/ControllerDispatcher.php(93): Illuminate\Routing\Controller->callAction('add_user', Array)
#4 /Users/alancruzmendez/Dropbox/WEBS/proyectoweb/vendor/laravel/framework/src/Illuminate/Routing/ControllerDispatcher.php(62): Illuminate\Routing\ControllerDispatcher->call(Object(edicionController), Object(Illuminate\Routing\Route), 'add_user')
#5 /Users/alancruzmendez/Dropbox/WEBS/proyectoweb/vendor/laravel/framework/src/Illuminate/Routing/Router.php(962): Illuminate\Routing\ControllerDispatcher->dispatch(Object(Illuminate\Routing\Route), Object(Illuminate\Http\Request), 'edicionControll...', 'add_user')
#6 [internal function]: Illuminate\Routing\Router->Illuminate\Routing\{closure}()
#7 /Users/alancruzmendez/Dropbox/WEBS/proyectoweb/vendor/laravel/framework/src/Illuminate/Routing/Route.php(109): call_user_func_array(Object(Closure), Array)
#8 /Users/alancruzmendez/Dropbox/WEBS/proyectoweb/vendor/laravel/framework/src/Illuminate/Routing/Router.php(1028): Illuminate\Routing\Route->run(Object(Illuminate\Http\Request))
#9 /Users/alancruzmendez/Dropbox/WEBS/proyectoweb/vendor/laravel/framework/src/Illuminate/Routing/Router.php(996): Illuminate\Routing\Router->dispatchToRoute(Object(Illuminate\Http\Request))
#10 /Users/alancruzmendez/Dropbox/WEBS/proyectoweb/vendor/laravel/framework/src/Illuminate/Foundation/Application.php(775): Illuminate\Routing\Router->dispatch(Object(Illuminate\Http\Request))
#11 /Users/alancruzmendez/Dropbox/WEBS/proyectoweb/vendor/laravel/framework/src/Illuminate/Foundation/Application.php(745): Illuminate\Foundation\Application->dispatch(Object(Illuminate\Http\Request))
#12 /Users/alancruzmendez/Dropbox/WEBS/proyectoweb/vendor/laravel/framework/src/Illuminate/Session/Middleware.php(72): Illuminate\Foundation\Application->handle(Object(Illuminate\Http\Request), 1, true)
#13 /Users/alancruzmendez/Dropbox/WEBS/proyectoweb/vendor/laravel/framework/src/Illuminate/Cookie/Queue.php(47): Illuminate\Session\Middleware->handle(Object(Illuminate\Http\Request), 1, true)
#14 /Users/alancruzmendez/Dropbox/WEBS/proyectoweb/vendor/laravel/framework/src/Illuminate/Cookie/Guard.php(51): Illuminate\Cookie\Queue->handle(Object(Illuminate\Http\Request), 1, true)
#15 /Users/alancruzmendez/Dropbox/WEBS/proyectoweb/vendor/stack/builder/src/Stack/StackedHttpKernel.php(23): Illuminate\Cookie\Guard->handle(Object(Illuminate\Http\Request), 1, true)
#16 /Users/alancruzmendez/Dropbox/WEBS/proyectoweb/vendor/laravel/framework/src/Illuminate/Foundation/Application.php(641): Stack\StackedHttpKernel->handle(Object(Illuminate\Http\Request))
#17 /Users/alancruzmendez/Dropbox/WEBS/proyectoweb/public/index.php(49): Illuminate\Foundation\Application->run()
#18 {main} [] []
[2015-01-19 15:44:55] production.ERROR: exception 'ErrorException' with message 'Creating default object from empty value' in /Users/alancruzmendez/Dropbox/WEBS/proyectoweb/app/controllers/edicionController.php:80
Stack trace:
#0 /Users/alancruzmendez/Dropbox/WEBS/proyectoweb/app/controllers/edicionController.php(80): Illuminate\Exception\Handler->handleError(2, 'Creating defaul...', '/Users/alancruz...', 80, Array)
#1 [internal function]: edicionController->add_user()
#2 /Users/alancruzmendez/Dropbox/WEBS/proyectoweb/vendor/laravel/framework/src/Illuminate/Routing/Controller.php(231): call_user_func_array(Array, Array)
#3 /Users/alancruzmendez/Dropbox/WEBS/proyectoweb/vendor/laravel/framework/src/Illuminate/Routing/ControllerDispatcher.php(93): Illuminate\Routing\Controller->callAction('add_user', Array)
#4 /Users/alancruzmendez/Dropbox/WEBS/proyectoweb/vendor/laravel/framework/src/Illuminate/Routing/ControllerDispatcher.php(62): Illuminate\Routing\ControllerDispatcher->call(Object(edicionController), Object(Illuminate\Routing\Route), 'add_user')
#5 /Users/alancruzmendez/Dropbox/WEBS/proyectoweb/vendor/laravel/framework/src/Illuminate/Routing/Router.php(962): Illuminate\Routing\ControllerDispatcher->dispatch(Object(Illuminate\Routing\Route), Object(Illuminate\Http\Request), 'edicionControll...', 'add_user')
#6 [internal function]: Illuminate\Routing\Router->Illuminate\Routing\{closure}()
#7 /Users/alancruzmendez/Dropbox/WEBS/proyectoweb/vendor/laravel/framework/src/Illuminate/Routing/Route.php(109): call_user_func_array(Object(Closure), Array)
#8 /Users/alancruzmendez/Dropbox/WEBS/proyectoweb/vendor/laravel/framework/src/Illuminate/Routing/Router.php(1028): Illuminate\Routing\Route->run(Object(Illuminate\Http\Request))
#9 /Users/alancruzmendez/Dropbox/WEBS/proyectoweb/vendor/laravel/framework/src/Illuminate/Routing/Router.php(996): Illuminate\Routing\Router->dispatchToRoute(Object(Illuminate\Http\Request))
#10 /Users/alancruzmendez/Dropbox/WEBS/proyectoweb/vendor/laravel/framework/src/Illuminate/Foundation/Application.php(775): Illuminate\Routing\Router->dispatch(Object(Illuminate\Http\Request))
#11 /Users/alancruzmendez/Dropbox/WEBS/proyectoweb/vendor/laravel/framework/src/Illuminate/Foundation/Application.php(745): Illuminate\Foundation\Application->dispatch(Object(Illuminate\Http\Request))
#12 /Users/alancruzmendez/Dropbox/WEBS/proyectoweb/vendor/laravel/framework/src/Illuminate/Session/Middleware.php(72): Illuminate\Foundation\Application->handle(Object(Illuminate\Http\Request), 1, true)
#13 /Users/alancruzmendez/Dropbox/WEBS/proyectoweb/vendor/laravel/framework/src/Illuminate/Cookie/Queue.php(47): Illuminate\Session\Middleware->handle(Object(Illuminate\Http\Request), 1, true)
#14 /Users/alancruzmendez/Dropbox/WEBS/proyectoweb/vendor/laravel/framework/src/Illuminate/Cookie/Guard.php(51): Illuminate\Cookie\Queue->handle(Object(Illuminate\Http\Request), 1, true)
#15 /Users/alancruzmendez/Dropbox/WEBS/proyectoweb/vendor/stack/builder/src/Stack/StackedHttpKernel.php(23): Illuminate\Cookie\Guard->handle(Object(Illuminate\Http\Request), 1, true)
#16 /Users/alancruzmendez/Dropbox/WEBS/proyectoweb/vendor/laravel/framework/src/Illuminate/Foundation/Application.php(641): Stack\StackedHttpKernel->handle(Object(Illuminate\Http\Request))
#17 /Users/alancruzmendez/Dropbox/WEBS/proyectoweb/public/index.php(49): Illuminate\Foundation\Application->run()
#18 {main} [] []
[2015-01-19 15:46:17] production.ERROR: exception 'ErrorException' with message 'Creating default object from empty value' in /Users/alancruzmendez/Dropbox/WEBS/proyectoweb/app/controllers/edicionController.php:80
Stack trace:
#0 /Users/alancruzmendez/Dropbox/WEBS/proyectoweb/app/controllers/edicionController.php(80): Illuminate\Exception\Handler->handleError(2, 'Creating defaul...', '/Users/alancruz...', 80, Array)
#1 [internal function]: edicionController->add_user()
#2 /Users/alancruzmendez/Dropbox/WEBS/proyectoweb/vendor/laravel/framework/src/Illuminate/Routing/Controller.php(231): call_user_func_array(Array, Array)
#3 /Users/alancruzmendez/Dropbox/WEBS/proyectoweb/vendor/laravel/framework/src/Illuminate/Routing/ControllerDispatcher.php(93): Illuminate\Routing\Controller->callAction('add_user', Array)
#4 /Users/alancruzmendez/Dropbox/WEBS/proyectoweb/vendor/laravel/framework/src/Illuminate/Routing/ControllerDispatcher.php(62): Illuminate\Routing\ControllerDispatcher->call(Object(edicionController), Object(Illuminate\Routing\Route), 'add_user')
#5 /Users/alancruzmendez/Dropbox/WEBS/proyectoweb/vendor/laravel/framework/src/Illuminate/Routing/Router.php(962): Illuminate\Routing\ControllerDispatcher->dispatch(Object(Illuminate\Routing\Route), Object(Illuminate\Http\Request), 'edicionControll...', 'add_user')
#6 [internal function]: Illuminate\Routing\Router->Illuminate\Routing\{closure}()
#7 /Users/alancruzmendez/Dropbox/WEBS/proyectoweb/vendor/laravel/framework/src/Illuminate/Routing/Route.php(109): call_user_func_array(Object(Closure), Array)
#8 /Users/alancruzmendez/Dropbox/WEBS/proyectoweb/vendor/laravel/framework/src/Illuminate/Routing/Router.php(1028): Illuminate\Routing\Route->run(Object(Illuminate\Http\Request))
#9 /Users/alancruzmendez/Dropbox/WEBS/proyectoweb/vendor/laravel/framework/src/Illuminate/Routing/Router.php(996): Illuminate\Routing\Router->dispatchToRoute(Object(Illuminate\Http\Request))
#10 /Users/alancruzmendez/Dropbox/WEBS/proyectoweb/vendor/laravel/framework/src/Illuminate/Foundation/Application.php(775): Illuminate\Routing\Router->dispatch(Object(Illuminate\Http\Request))
#11 /Users/alancruzmendez/Dropbox/WEBS/proyectoweb/vendor/laravel/framework/src/Illuminate/Foundation/Application.php(745): Illuminate\Foundation\Application->dispatch(Object(Illuminate\Http\Request))
#12 /Users/alancruzmendez/Dropbox/WEBS/proyectoweb/vendor/laravel/framework/src/Illuminate/Session/Middleware.php(72): Illuminate\Foundation\Application->handle(Object(Illuminate\Http\Request), 1, true)
#13 /Users/alancruzmendez/Dropbox/WEBS/proyectoweb/vendor/laravel/framework/src/Illuminate/Cookie/Queue.php(47): Illuminate\Session\Middleware->handle(Object(Illuminate\Http\Request), 1, true)
#14 /Users/alancruzmendez/Dropbox/WEBS/proyectoweb/vendor/laravel/framework/src/Illuminate/Cookie/Guard.php(51): Illuminate\Cookie\Queue->handle(Object(Illuminate\Http\Request), 1, true)
#15 /Users/alancruzmendez/Dropbox/WEBS/proyectoweb/vendor/stack/builder/src/Stack/StackedHttpKernel.php(23): Illuminate\Cookie\Guard->handle(Object(Illuminate\Http\Request), 1, true)
#16 /Users/alancruzmendez/Dropbox/WEBS/proyectoweb/vendor/laravel/framework/src/Illuminate/Foundation/Application.php(641): Stack\StackedHttpKernel->handle(Object(Illuminate\Http\Request))
#17 /Users/alancruzmendez/Dropbox/WEBS/proyectoweb/public/index.php(49): Illuminate\Foundation\Application->run()
#18 {main} [] []
[2015-01-19 17:12:12] production.ERROR: exception 'ErrorException' with message 'Creating default object from empty value' in /Users/alancruzmendez/Dropbox/WEBS/proyectoweb/app/controllers/edicionController.php:80
Stack trace:
#0 /Users/alancruzmendez/Dropbox/WEBS/proyectoweb/app/controllers/edicionController.php(80): Illuminate\Exception\Handler->handleError(2, 'Creating defaul...', '/Users/alancruz...', 80, Array)
#1 [internal function]: edicionController->add_user()
#2 /Users/alancruzmendez/Dropbox/WEBS/proyectoweb/vendor/laravel/framework/src/Illuminate/Routing/Controller.php(231): call_user_func_array(Array, Array)
#3 /Users/alancruzmendez/Dropbox/WEBS/proyectoweb/vendor/laravel/framework/src/Illuminate/Routing/ControllerDispatcher.php(93): Illuminate\Routing\Controller->callAction('add_user', Array)
#4 /Users/alancruzmendez/Dropbox/WEBS/proyectoweb/vendor/laravel/framework/src/Illuminate/Routing/ControllerDispatcher.php(62): Illuminate\Routing\ControllerDispatcher->call(Object(edicionController), Object(Illuminate\Routing\Route), 'add_user')
#5 /Users/alancruzmendez/Dropbox/WEBS/proyectoweb/vendor/laravel/framework/src/Illuminate/Routing/Router.php(962): Illuminate\Routing\ControllerDispatcher->dispatch(Object(Illuminate\Routing\Route), Object(Illuminate\Http\Request), 'edicionControll...', 'add_user')
#6 [internal function]: Illuminate\Routing\Router->Illuminate\Routing\{closure}()
#7 /Users/alancruzmendez/Dropbox/WEBS/proyectoweb/vendor/laravel/framework/src/Illuminate/Routing/Route.php(109): call_user_func_array(Object(Closure), Array)
#8 /Users/alancruzmendez/Dropbox/WEBS/proyectoweb/vendor/laravel/framework/src/Illuminate/Routing/Router.php(1028): Illuminate\Routing\Route->run(Object(Illuminate\Http\Request))
#9 /Users/alancruzmendez/Dropbox/WEBS/proyectoweb/vendor/laravel/framework/src/Illuminate/Routing/Router.php(996): Illuminate\Routing\Router->dispatchToRoute(Object(Illuminate\Http\Request))
#10 /Users/alancruzmendez/Dropbox/WEBS/proyectoweb/vendor/laravel/framework/src/Illuminate/Foundation/Application.php(775): Illuminate\Routing\Router->dispatch(Object(Illuminate\Http\Request))
#11 /Users/alancruzmendez/Dropbox/WEBS/proyectoweb/vendor/laravel/framework/src/Illuminate/Foundation/Application.php(745): Illuminate\Foundation\Application->dispatch(Object(Illuminate\Http\Request))
#12 /Users/alancruzmendez/Dropbox/WEBS/proyectoweb/vendor/laravel/framework/src/Illuminate/Session/Middleware.php(72): Illuminate\Foundation\Application->handle(Object(Illuminate\Http\Request), 1, true)
#13 /Users/alancruzmendez/Dropbox/WEBS/proyectoweb/vendor/laravel/framework/src/Illuminate/Cookie/Queue.php(47): Illuminate\Session\Middleware->handle(Object(Illuminate\Http\Request), 1, true)
#14 /Users/alancruzmendez/Dropbox/WEBS/proyectoweb/vendor/laravel/framework/src/Illuminate/Cookie/Guard.php(51): Illuminate\Cookie\Queue->handle(Object(Illuminate\Http\Request), 1, true)
#15 /Users/alancruzmendez/Dropbox/WEBS/proyectoweb/vendor/stack/builder/src/Stack/StackedHttpKernel.php(23): Illuminate\Cookie\Guard->handle(Object(Illuminate\Http\Request), 1, true)
#16 /Users/alancruzmendez/Dropbox/WEBS/proyectoweb/vendor/laravel/framework/src/Illuminate/Foundation/Application.php(641): Stack\StackedHttpKernel->handle(Object(Illuminate\Http\Request))
#17 /Users/alancruzmendez/Dropbox/WEBS/proyectoweb/public/index.php(49): Illuminate\Foundation\Application->run()
#18 {main} [] []
[2015-01-19 17:18:34] production.ERROR: exception 'Symfony\Component\HttpKernel\Exception\NotFoundHttpException' in /Users/alancruzmendez/Dropbox/WEBS/proyectoweb/vendor/laravel/framework/src/Illuminate/Routing/RouteCollection.php:148
Stack trace:
#0 /Users/alancruzmendez/Dropbox/WEBS/proyectoweb/vendor/laravel/framework/src/Illuminate/Routing/Router.php(1049): Illuminate\Routing\RouteCollection->match(Object(Illuminate\Http\Request))
#1 /Users/alancruzmendez/Dropbox/WEBS/proyectoweb/vendor/laravel/framework/src/Illuminate/Routing/Router.php(1017): Illuminate\Routing\Router->findRoute(Object(Illuminate\Http\Request))
#2 /Users/alancruzmendez/Dropbox/WEBS/proyectoweb/vendor/laravel/framework/src/Illuminate/Routing/Router.php(996): Illuminate\Routing\Router->dispatchToRoute(Object(Illuminate\Http\Request))
#3 /Users/alancruzmendez/Dropbox/WEBS/proyectoweb/vendor/laravel/framework/src/Illuminate/Foundation/Application.php(775): Illuminate\Routing\Router->dispatch(Object(Illuminate\Http\Request))
#4 /Users/alancruzmendez/Dropbox/WEBS/proyectoweb/vendor/laravel/framework/src/Illuminate/Foundation/Application.php(745): Illuminate\Foundation\Application->dispatch(Object(Illuminate\Http\Request))
#5 /Users/alancruzmendez/Dropbox/WEBS/proyectoweb/vendor/laravel/framework/src/Illuminate/Session/Middleware.php(72): Illuminate\Foundation\Application->handle(Object(Illuminate\Http\Request), 1, true)
#6 /Users/alancruzmendez/Dropbox/WEBS/proyectoweb/vendor/laravel/framework/src/Illuminate/Cookie/Queue.php(47): Illuminate\Session\Middleware->handle(Object(Illuminate\Http\Request), 1, true)
#7 /Users/alancruzmendez/Dropbox/WEBS/proyectoweb/vendor/laravel/framework/src/Illuminate/Cookie/Guard.php(51): Illuminate\Cookie\Queue->handle(Object(Illuminate\Http\Request), 1, true)
#8 /Users/alancruzmendez/Dropbox/WEBS/proyectoweb/vendor/stack/builder/src/Stack/StackedHttpKernel.php(23): Illuminate\Cookie\Guard->handle(Object(Illuminate\Http\Request), 1, true)
#9 /Users/alancruzmendez/Dropbox/WEBS/proyectoweb/vendor/laravel/framework/src/Illuminate/Foundation/Application.php(641): Stack\StackedHttpKernel->handle(Object(Illuminate\Http\Request))
#10 /Users/alancruzmendez/Dropbox/WEBS/proyectoweb/public/index.php(49): Illuminate\Foundation\Application->run()
#11 {main} [] []
[2015-01-19 17:22:57] production.ERROR: exception 'Symfony\Component\Debug\Exception\FatalErrorException' with message 'syntax error, unexpected ';'' in /Users/alancruzmendez/Dropbox/WEBS/proyectoweb/app/storage/views/91ed70ea1bf0b73d799f18a4a7b99fe1:31
Stack trace:
#0 [internal function]: Illuminate\Exception\Handler->handleShutdown()
#1 {main} [] []
[2015-01-19 17:23:34] production.ERROR: exception 'Symfony\Component\HttpKernel\Exception\NotFoundHttpException' in /Users/alancruzmendez/Dropbox/WEBS/proyectoweb/vendor/laravel/framework/src/Illuminate/Routing/RouteCollection.php:148
Stack trace:
#0 /Users/alancruzmendez/Dropbox/WEBS/proyectoweb/vendor/laravel/framework/src/Illuminate/Routing/Router.php(1049): Illuminate\Routing\RouteCollection->match(Object(Illuminate\Http\Request))
#1 /Users/alancruzmendez/Dropbox/WEBS/proyectoweb/vendor/laravel/framework/src/Illuminate/Routing/Router.php(1017): Illuminate\Routing\Router->findRoute(Object(Illuminate\Http\Request))
#2 /Users/alancruzmendez/Dropbox/WEBS/proyectoweb/vendor/laravel/framework/src/Illuminate/Routing/Router.php(996): Illuminate\Routing\Router->dispatchToRoute(Object(Illuminate\Http\Request))
#3 /Users/alancruzmendez/Dropbox/WEBS/proyectoweb/vendor/laravel/framework/src/Illuminate/Foundation/Application.php(775): Illuminate\Routing\Router->dispatch(Object(Illuminate\Http\Request))
#4 /Users/alancruzmendez/Dropbox/WEBS/proyectoweb/vendor/laravel/framework/src/Illuminate/Foundation/Application.php(745): Illuminate\Foundation\Application->dispatch(Object(Illuminate\Http\Request))
#5 /Users/alancruzmendez/Dropbox/WEBS/proyectoweb/vendor/laravel/framework/src/Illuminate/Session/Middleware.php(72): Illuminate\Foundation\Application->handle(Object(Illuminate\Http\Request), 1, true)
#6 /Users/alancruzmendez/Dropbox/WEBS/proyectoweb/vendor/laravel/framework/src/Illuminate/Cookie/Queue.php(47): Illuminate\Session\Middleware->handle(Object(Illuminate\Http\Request), 1, true)
#7 /Users/alancruzmendez/Dropbox/WEBS/proyectoweb/vendor/laravel/framework/src/Illuminate/Cookie/Guard.php(51): Illuminate\Cookie\Queue->handle(Object(Illuminate\Http\Request), 1, true)
#8 /Users/alancruzmendez/Dropbox/WEBS/proyectoweb/vendor/stack/builder/src/Stack/StackedHttpKernel.php(23): Illuminate\Cookie\Guard->handle(Object(Illuminate\Http\Request), 1, true)
#9 /Users/alancruzmendez/Dropbox/WEBS/proyectoweb/vendor/laravel/framework/src/Illuminate/Foundation/Application.php(641): Stack\StackedHttpKernel->handle(Object(Illuminate\Http\Request))
#10 /Users/alancruzmendez/Dropbox/WEBS/proyectoweb/public/index.php(49): Illuminate\Foundation\Application->run()
#11 {main} [] []
[2015-01-19 17:34:33] production.ERROR: exception 'Symfony\Component\HttpKernel\Exception\NotFoundHttpException' in /Users/alancruzmendez/Dropbox/WEBS/proyectoweb/vendor/laravel/framework/src/Illuminate/Routing/RouteCollection.php:148
Stack trace:
#0 /Users/alancruzmendez/Dropbox/WEBS/proyectoweb/vendor/laravel/framework/src/Illuminate/Routing/Router.php(1049): Illuminate\Routing\RouteCollection->match(Object(Illuminate\Http\Request))
#1 /Users/alancruzmendez/Dropbox/WEBS/proyectoweb/vendor/laravel/framework/src/Illuminate/Routing/Router.php(1017): Illuminate\Routing\Router->findRoute(Object(Illuminate\Http\Request))
#2 /Users/alancruzmendez/Dropbox/WEBS/proyectoweb/vendor/laravel/framework/src/Illuminate/Routing/Router.php(996): Illuminate\Routing\Router->dispatchToRoute(Object(Illuminate\Http\Request))
#3 /Users/alancruzmendez/Dropbox/WEBS/proyectoweb/vendor/laravel/framework/src/Illuminate/Foundation/Application.php(775): Illuminate\Routing\Router->dispatch(Object(Illuminate\Http\Request))
#4 /Users/alancruzmendez/Dropbox/WEBS/proyectoweb/vendor/laravel/framework/src/Illuminate/Foundation/Application.php(745): Illuminate\Foundation\Application->dispatch(Object(Illuminate\Http\Request))
#5 /Users/alancruzmendez/Dropbox/WEBS/proyectoweb/vendor/laravel/framework/src/Illuminate/Session/Middleware.php(72): Illuminate\Foundation\Application->handle(Object(Illuminate\Http\Request), 1, true)
#6 /Users/alancruzmendez/Dropbox/WEBS/proyectoweb/vendor/laravel/framework/src/Illuminate/Cookie/Queue.php(47): Illuminate\Session\Middleware->handle(Object(Illuminate\Http\Request), 1, true)
#7 /Users/alancruzmendez/Dropbox/WEBS/proyectoweb/vendor/laravel/framework/src/Illuminate/Cookie/Guard.php(51): Illuminate\Cookie\Queue->handle(Object(Illuminate\Http\Request), 1, true)
#8 /Users/alancruzmendez/Dropbox/WEBS/proyectoweb/vendor/stack/builder/src/Stack/StackedHttpKernel.php(23): Illuminate\Cookie\Guard->handle(Object(Illuminate\Http\Request), 1, true)
#9 /Users/alancruzmendez/Dropbox/WEBS/proyectoweb/vendor/laravel/framework/src/Illuminate/Foundation/Application.php(641): Stack\StackedHttpKernel->handle(Object(Illuminate\Http\Request))
#10 /Users/alancruzmendez/Dropbox/WEBS/proyectoweb/public/index.php(49): Illuminate\Foundation\Application->run()
#11 {main} [] []
[2015-01-19 17:34:58] production.ERROR: exception 'ErrorException' with message 'Undefined variable: id' in /Users/alancruzmendez/Dropbox/WEBS/proyectoweb/app/controllers/edicionController.php:40
Stack trace:
#0 /Users/alancruzmendez/Dropbox/WEBS/proyectoweb/app/controllers/edicionController.php(40): Illuminate\Exception\Handler->handleError(8, 'Undefined varia...', '/Users/alancruz...', 40, Array)
#1 [internal function]: edicionController->del_producto()
#2 /Users/alancruzmendez/Dropbox/WEBS/proyectoweb/vendor/laravel/framework/src/Illuminate/Routing/Controller.php(231): call_user_func_array(Array, Array)
#3 /Users/alancruzmendez/Dropbox/WEBS/proyectoweb/vendor/laravel/framework/src/Illuminate/Routing/ControllerDispatcher.php(93): Illuminate\Routing\Controller->callAction('del_producto', Array)
#4 /Users/alancruzmendez/Dropbox/WEBS/proyectoweb/vendor/laravel/framework/src/Illuminate/Routing/ControllerDispatcher.php(62): Illuminate\Routing\ControllerDispatcher->call(Object(edicionController), Object(Illuminate\Routing\Route), 'del_producto')
#5 /Users/alancruzmendez/Dropbox/WEBS/proyectoweb/vendor/laravel/framework/src/Illuminate/Routing/Router.php(962): Illuminate\Routing\ControllerDispatcher->dispatch(Object(Illuminate\Routing\Route), Object(Illuminate\Http\Request), 'edicionControll...', 'del_producto')
#6 [internal function]: Illuminate\Routing\Router->Illuminate\Routing\{closure}()
#7 /Users/alancruzmendez/Dropbox/WEBS/proyectoweb/vendor/laravel/framework/src/Illuminate/Routing/Route.php(109): call_user_func_array(Object(Closure), Array)
#8 /Users/alancruzmendez/Dropbox/WEBS/proyectoweb/vendor/laravel/framework/src/Illuminate/Routing/Router.php(1028): Illuminate\Routing\Route->run(Object(Illuminate\Http\Request))
#9 /Users/alancruzmendez/Dropbox/WEBS/proyectoweb/vendor/laravel/framework/src/Illuminate/Routing/Router.php(996): Illuminate\Routing\Router->dispatchToRoute(Object(Illuminate\Http\Request))
#10 /Users/alancruzmendez/Dropbox/WEBS/proyectoweb/vendor/laravel/framework/src/Illuminate/Foundation/Application.php(775): Illuminate\Routing\Router->dispatch(Object(Illuminate\Http\Request))
#11 /Users/alancruzmendez/Dropbox/WEBS/proyectoweb/vendor/laravel/framework/src/Illuminate/Foundation/Application.php(745): Illuminate\Foundation\Application->dispatch(Object(Illuminate\Http\Request))
#12 /Users/alancruzmendez/Dropbox/WEBS/proyectoweb/vendor/laravel/framework/src/Illuminate/Session/Middleware.php(72): Illuminate\Foundation\Application->handle(Object(Illuminate\Http\Request), 1, true)
#13 /Users/alancruzmendez/Dropbox/WEBS/proyectoweb/vendor/laravel/framework/src/Illuminate/Cookie/Queue.php(47): Illuminate\Session\Middleware->handle(Object(Illuminate\Http\Request), 1, true)
#14 /Users/alancruzmendez/Dropbox/WEBS/proyectoweb/vendor/laravel/framework/src/Illuminate/Cookie/Guard.php(51): Illuminate\Cookie\Queue->handle(Object(Illuminate\Http\Request), 1, true)
#15 /Users/alancruzmendez/Dropbox/WEBS/proyectoweb/vendor/stack/builder/src/Stack/StackedHttpKernel.php(23): Illuminate\Cookie\Guard->handle(Object(Illuminate\Http\Request), 1, true)
#16 /Users/alancruzmendez/Dropbox/WEBS/proyectoweb/vendor/laravel/framework/src/Illuminate/Foundation/Application.php(641): Stack\StackedHttpKernel->handle(Object(Illuminate\Http\Request))
#17 /Users/alancruzmendez/Dropbox/WEBS/proyectoweb/public/index.php(49): Illuminate\Foundation\Application->run()
#18 {main} [] []
[2015-01-19 17:35:25] production.ERROR: exception 'ErrorException' with message 'Undefined variable: id' in /Users/alancruzmendez/Dropbox/WEBS/proyectoweb/app/controllers/edicionController.php:40
Stack trace:
#0 /Users/alancruzmendez/Dropbox/WEBS/proyectoweb/app/controllers/edicionController.php(40): Illuminate\Exception\Handler->handleError(8, 'Undefined varia...', '/Users/alancruz...', 40, Array)
#1 [internal function]: edicionController->del_producto()
#2 /Users/alancruzmendez/Dropbox/WEBS/proyectoweb/vendor/laravel/framework/src/Illuminate/Routing/Controller.php(231): call_user_func_array(Array, Array)
#3 /Users/alancruzmendez/Dropbox/WEBS/proyectoweb/vendor/laravel/framework/src/Illuminate/Routing/ControllerDispatcher.php(93): Illuminate\Routing\Controller->callAction('del_producto', Array)
#4 /Users/alancruzmendez/Dropbox/WEBS/proyectoweb/vendor/laravel/framework/src/Illuminate/Routing/ControllerDispatcher.php(62): Illuminate\Routing\ControllerDispatcher->call(Object(edicionController), Object(Illuminate\Routing\Route), 'del_producto')
#5 /Users/alancruzmendez/Dropbox/WEBS/proyectoweb/vendor/laravel/framework/src/Illuminate/Routing/Router.php(962): Illuminate\Routing\ControllerDispatcher->dispatch(Object(Illuminate\Routing\Route), Object(Illuminate\Http\Request), 'edicionControll...', 'del_producto')
#6 [internal function]: Illuminate\Routing\Router->Illuminate\Routing\{closure}()
#7 /Users/alancruzmendez/Dropbox/WEBS/proyectoweb/vendor/laravel/framework/src/Illuminate/Routing/Route.php(109): call_user_func_array(Object(Closure), Array)
#8 /Users/alancruzmendez/Dropbox/WEBS/proyectoweb/vendor/laravel/framework/src/Illuminate/Routing/Router.php(1028): Illuminate\Routing\Route->run(Object(Illuminate\Http\Request))
#9 /Users/alancruzmendez/Dropbox/WEBS/proyectoweb/vendor/laravel/framework/src/Illuminate/Routing/Router.php(996): Illuminate\Routing\Router->dispatchToRoute(Object(Illuminate\Http\Request))
#10 /Users/alancruzmendez/Dropbox/WEBS/proyectoweb/vendor/laravel/framework/src/Illuminate/Foundation/Application.php(775): Illuminate\Routing\Router->dispatch(Object(Illuminate\Http\Request))
#11 /Users/alancruzmendez/Dropbox/WEBS/proyectoweb/vendor/laravel/framework/src/Illuminate/Foundation/Application.php(745): Illuminate\Foundation\Application->dispatch(Object(Illuminate\Http\Request))
#12 /Users/alancruzmendez/Dropbox/WEBS/proyectoweb/vendor/laravel/framework/src/Illuminate/Session/Middleware.php(72): Illuminate\Foundation\Application->handle(Object(Illuminate\Http\Request), 1, true)
#13 /Users/alancruzmendez/Dropbox/WEBS/proyectoweb/vendor/laravel/framework/src/Illuminate/Cookie/Queue.php(47): Illuminate\Session\Middleware->handle(Object(Illuminate\Http\Request), 1, true)
#14 /Users/alancruzmendez/Dropbox/WEBS/proyectoweb/vendor/laravel/framework/src/Illuminate/Cookie/Guard.php(51): Illuminate\Cookie\Queue->handle(Object(Illuminate\Http\Request), 1, true)
#15 /Users/alancruzmendez/Dropbox/WEBS/proyectoweb/vendor/stack/builder/src/Stack/StackedHttpKernel.php(23): Illuminate\Cookie\Guard->handle(Object(Illuminate\Http\Request), 1, true)
#16 /Users/alancruzmendez/Dropbox/WEBS/proyectoweb/vendor/laravel/framework/src/Illuminate/Foundation/Application.php(641): Stack\StackedHttpKernel->handle(Object(Illuminate\Http\Request))
#17 /Users/alancruzmendez/Dropbox/WEBS/proyectoweb/public/index.php(49): Illuminate\Foundation\Application->run()
#18 {main} [] []
[2015-01-19 17:52:51] production.ERROR: exception 'Symfony\Component\HttpKernel\Exception\NotFoundHttpException' in /Users/alancruzmendez/Dropbox/WEBS/proyectoweb/vendor/laravel/framework/src/Illuminate/Routing/RouteCollection.php:148
Stack trace:
#0 /Users/alancruzmendez/Dropbox/WEBS/proyectoweb/vendor/laravel/framework/src/Illuminate/Routing/Router.php(1049): Illuminate\Routing\RouteCollection->match(Object(Illuminate\Http\Request))
#1 /Users/alancruzmendez/Dropbox/WEBS/proyectoweb/vendor/laravel/framework/src/Illuminate/Routing/Router.php(1017): Illuminate\Routing\Router->findRoute(Object(Illuminate\Http\Request))
#2 /Users/alancruzmendez/Dropbox/WEBS/proyectoweb/vendor/laravel/framework/src/Illuminate/Routing/Router.php(996): Illuminate\Routing\Router->dispatchToRoute(Object(Illuminate\Http\Request))
#3 /Users/alancruzmendez/Dropbox/WEBS/proyectoweb/vendor/laravel/framework/src/Illuminate/Foundation/Application.php(775): Illuminate\Routing\Router->dispatch(Object(Illuminate\Http\Request))
#4 /Users/alancruzmendez/Dropbox/WEBS/proyectoweb/vendor/laravel/framework/src/Illuminate/Foundation/Application.php(745): Illuminate\Foundation\Application->dispatch(Object(Illuminate\Http\Request))
#5 /Users/alancruzmendez/Dropbox/WEBS/proyectoweb/vendor/laravel/framework/src/Illuminate/Session/Middleware.php(72): Illuminate\Foundation\Application->handle(Object(Illuminate\Http\Request), 1, true)
#6 /Users/alancruzmendez/Dropbox/WEBS/proyectoweb/vendor/laravel/framework/src/Illuminate/Cookie/Queue.php(47): Illuminate\Session\Middleware->handle(Object(Illuminate\Http\Request), 1, true)
#7 /Users/alancruzmendez/Dropbox/WEBS/proyectoweb/vendor/laravel/framework/src/Illuminate/Cookie/Guard.php(51): Illuminate\Cookie\Queue->handle(Object(Illuminate\Http\Request), 1, true)
#8 /Users/alancruzmendez/Dropbox/WEBS/proyectoweb/vendor/stack/builder/src/Stack/StackedHttpKernel.php(23): Illuminate\Cookie\Guard->handle(Object(Illuminate\Http\Request), 1, true)
#9 /Users/alancruzmendez/Dropbox/WEBS/proyectoweb/vendor/laravel/framework/src/Illuminate/Foundation/Application.php(641): Stack\StackedHttpKernel->handle(Object(Illuminate\Http\Request))
#10 /Users/alancruzmendez/Dropbox/WEBS/proyectoweb/public/index.php(49): Illuminate\Foundation\Application->run()
#11 {main} [] []
